Load GaoDataSet from /home/sagemaker-user/BigDataSys-Project8/SolubNet/SolubNetD/dataset/Delaney1144.csv ... done (1145 lines, 9.560 seconds) 
# of training graphs/labels:      1030
# of teating graphs/labels:      114
Training Started ...
******************** 1  fold ing.... ********************
--------------------------------------------------------------------------------------------------------------------------------------------------------------------------------------------------------
     Epoch       TrainLoss        TrainMAE       TrainRMSE         TrainR2         TrainCC       ValidLoss        ValidMAE       ValidRMSE         ValidR2         ValidCC         Time(s)
--------------------------------------------------------------------------------------------------------------------------------------------------------------------------------------------------------
         0           1.685           1.326           1.821           0.239           0.647           1.209           0.961           1.274           0.655           0.771           2.667
         1           1.274           1.025           1.352           0.580           0.774           1.133           0.916           1.202           0.693           0.827           5.189
         2           1.207           0.989           1.288           0.619           0.798           1.186           0.983           1.252           0.667           0.849           7.775
         3           1.138           0.940           1.223           0.656           0.813           1.085           0.904           1.156           0.716           0.862          10.309
         4           1.095           0.906           1.181           0.680           0.826           1.026           0.858           1.100           0.743           0.869          12.875
         5           1.064           0.883           1.152           0.695           0.835           0.953           0.800           1.030           0.774           0.877          15.406
         6           1.024           0.854           1.113           0.715           0.845           0.844           0.716           0.925           0.818           0.885          17.968
         7           0.964           0.812           1.053           0.745           0.863           0.792           0.662           0.876           0.837           0.886          20.717
         8           0.923           0.777           1.010           0.766           0.875           0.783           0.663           0.867           0.840           0.891          23.258
         9           0.899           0.759           0.987           0.777           0.881           0.750           0.639           0.835           0.852           0.898          25.782
        10           0.885           0.748           0.973           0.783           0.884           0.728           0.625           0.814           0.859           0.899          28.310
        11           0.875           0.740           0.963           0.787           0.886           0.712           0.615           0.799           0.864           0.905          30.853
        12           0.868           0.734           0.956           0.790           0.888           0.699           0.607           0.786           0.869           0.907          33.413
        13           0.860           0.728           0.949           0.793           0.890           0.683           0.598           0.771           0.874           0.910          35.942
        14           0.851           0.721           0.940           0.797           0.892           0.674           0.592           0.762           0.877           0.913          38.469
        15           0.843           0.715           0.932           0.801           0.894           0.663           0.584           0.751           0.880           0.915          41.008
        16           0.837           0.710           0.926           0.803           0.896           0.661           0.585           0.749           0.881           0.915          43.559
        17           0.830           0.705           0.920           0.806           0.898           0.656           0.580           0.745           0.882           0.917          46.151
        18           0.824           0.700           0.914           0.808           0.899           0.654           0.579           0.742           0.883           0.919          48.686
        19           0.817           0.696           0.907           0.811           0.901           0.645           0.571           0.734           0.886           0.922          51.226
        20           0.812           0.693           0.902           0.813           0.901           0.643           0.571           0.732           0.886           0.922          53.765
        21           0.808           0.691           0.899           0.814           0.902           0.639           0.565           0.727           0.888           0.924          56.296
        22           0.803           0.687           0.894           0.817           0.903           0.631           0.562           0.720           0.890           0.923          58.826
        23           0.800           0.684           0.890           0.818           0.904           0.626           0.556           0.715           0.891           0.923          61.354
        24           0.792           0.679           0.883           0.821           0.905           0.621           0.554           0.710           0.893           0.923          63.898
        25           0.788           0.676           0.879           0.823           0.906           0.618           0.550           0.707           0.894           0.923          66.427
        26           0.783           0.672           0.874           0.825           0.907           0.616           0.551           0.706           0.894           0.922          68.962
        27           0.780           0.670           0.871           0.826           0.907           0.614           0.546           0.704           0.895           0.923          71.493
        28           0.773           0.665           0.865           0.828           0.909           0.613           0.546           0.702           0.895           0.922          74.060
        29           0.768           0.661           0.860           0.830           0.910           0.610           0.544           0.700           0.896           0.924          76.596
        30           0.765           0.659           0.858           0.831           0.910           0.612           0.544           0.701           0.895           0.925          79.206
        31           0.755           0.651           0.848           0.835           0.912           0.611           0.546           0.700           0.896           0.922          81.794
        32           0.751           0.648           0.844           0.836           0.913           0.611           0.546           0.700           0.896           0.925          84.446
        33           0.743           0.642           0.836           0.840           0.915           0.631           0.564           0.720           0.890           0.922          87.029
        34           0.747           0.646           0.840           0.838           0.914           0.620           0.554           0.710           0.893           0.923          89.618
        35           0.741           0.641           0.835           0.840           0.915           0.621           0.554           0.710           0.893           0.924          92.206
        36           0.741           0.641           0.835           0.840           0.915           0.624           0.556           0.713           0.892           0.923          94.806
        37           0.735           0.636           0.829           0.842           0.916           0.632           0.561           0.721           0.889           0.922          97.387
        38           0.734           0.635           0.827           0.843           0.917           0.637           0.565           0.726           0.888           0.921          99.969
        39           0.732           0.634           0.825           0.844           0.917           0.630           0.559           0.719           0.890           0.923         102.537
        40           0.732           0.634           0.826           0.843           0.917           0.632           0.561           0.721           0.889           0.923         105.178
        41           0.729           0.632           0.823           0.845           0.918           0.640           0.566           0.729           0.887           0.920         107.761
        42           0.727           0.631           0.821           0.845           0.918           0.634           0.561           0.723           0.889           0.923         110.343
        43           0.728           0.632           0.821           0.845           0.918           0.636           0.562           0.725           0.888           0.921         112.938
        44           0.724           0.629           0.818           0.846           0.919           0.640           0.564           0.729           0.887           0.921         115.515
        45           0.724           0.629           0.817           0.847           0.919           0.637           0.562           0.725           0.888           0.922         118.104
        46           0.723           0.628           0.817           0.847           0.919           0.638           0.563           0.727           0.888           0.921         120.687
        47           0.720           0.626           0.814           0.848           0.920           0.643           0.566           0.731           0.886           0.921         123.293
        48           0.719           0.625           0.812           0.848           0.920           0.641           0.565           0.729           0.887           0.921         125.942
        49           0.718           0.625           0.812           0.849           0.921           0.638           0.563           0.727           0.888           0.922         128.529
        50           0.720           0.626           0.814           0.848           0.920           0.640           0.563           0.729           0.887           0.920         131.187
        51           0.714           0.621           0.808           0.850           0.922           0.643           0.565           0.731           0.886           0.921         133.835
        52           0.715           0.623           0.809           0.850           0.921           0.643           0.564           0.731           0.886           0.921         136.439
        53           0.714           0.622           0.808           0.850           0.922           0.640           0.562           0.729           0.887           0.922         139.066
        54           0.712           0.620           0.806           0.851           0.922           0.639           0.562           0.728           0.887           0.922         141.632
        55           0.712           0.621           0.806           0.851           0.922           0.641           0.562           0.730           0.887           0.922         144.197
        56           0.710           0.619           0.804           0.851           0.923           0.639           0.561           0.728           0.887           0.922         146.902
        57           0.710           0.619           0.804           0.852           0.923           0.635           0.557           0.723           0.889           0.922         149.476
        58           0.709           0.619           0.804           0.852           0.923           0.637           0.558           0.725           0.888           0.922         152.080
        59           0.706           0.616           0.801           0.853           0.924           0.638           0.559           0.727           0.888           0.923         154.640
        60           0.708           0.617           0.802           0.852           0.924           0.640           0.560           0.728           0.887           0.922         157.201
        61           0.705           0.614           0.799           0.853           0.924           0.636           0.557           0.725           0.888           0.922         159.765
        62           0.705           0.615           0.799           0.854           0.924           0.636           0.557           0.725           0.888           0.922         162.342
        63           0.705           0.614           0.799           0.853           0.924           0.633           0.554           0.722           0.889           0.922         164.964
        64           0.701           0.612           0.796           0.855           0.925           0.634           0.555           0.723           0.889           0.923         167.521
        65           0.702           0.613           0.797           0.854           0.925           0.633           0.554           0.722           0.889           0.923         170.089
        66           0.699           0.610           0.794           0.855           0.925           0.634           0.555           0.722           0.889           0.924         172.673
        67           0.700           0.611           0.795           0.855           0.925           0.634           0.555           0.723           0.889           0.924         175.232
        68           0.696           0.607           0.791           0.856           0.926           0.629           0.552           0.719           0.890           0.924         177.795
        69           0.696           0.607           0.791           0.856           0.926           0.635           0.556           0.724           0.889           0.924         180.361
        70           0.697           0.608           0.791           0.856           0.926           0.631           0.552           0.720           0.890           0.925         182.941
        71           0.696           0.607           0.790           0.857           0.926           0.631           0.553           0.720           0.890           0.925         185.510
        72           0.693           0.605           0.788           0.857           0.927           0.633           0.554           0.722           0.889           0.926         188.088
        73           0.695           0.606           0.790           0.857           0.927           0.631           0.551           0.720           0.890           0.926         190.678
        74           0.691           0.603           0.786           0.858           0.928           0.629           0.551           0.718           0.890           0.927         193.269
        75           0.692           0.604           0.787           0.858           0.927           0.631           0.551           0.720           0.890           0.926         195.849
        76           0.690           0.601           0.785           0.859           0.928           0.629           0.550           0.718           0.890           0.927         198.467
        77           0.689           0.601           0.785           0.859           0.928           0.626           0.548           0.715           0.891           0.927         201.077
        78           0.688           0.600           0.783           0.859           0.928           0.630           0.551           0.719           0.890           0.926         203.726
        79           0.688           0.599           0.783           0.859           0.929           0.626           0.547           0.715           0.891           0.926         206.325
        80           0.684           0.596           0.779           0.861           0.930           0.627           0.549           0.716           0.891           0.927         208.923
        81           0.685           0.597           0.780           0.860           0.929           0.629           0.550           0.718           0.890           0.926         211.538
        82           0.684           0.596           0.779           0.861           0.930           0.624           0.546           0.713           0.892           0.928         214.136
        83           0.681           0.593           0.776           0.862           0.930           0.630           0.550           0.719           0.890           0.926         216.742
        84           0.683           0.595           0.778           0.861           0.930           0.627           0.548           0.716           0.891           0.927         219.362
        85           0.681           0.593           0.776           0.862           0.930           0.622           0.544           0.711           0.893           0.929         221.962
        86           0.680           0.592           0.775           0.862           0.931           0.626           0.547           0.715           0.891           0.928         224.576
        87           0.682           0.594           0.777           0.861           0.930           0.623           0.544           0.713           0.892           0.928         227.174
        88           0.678           0.590           0.773           0.863           0.931           0.622           0.544           0.712           0.892           0.928         229.794
        89           0.679           0.591           0.774           0.863           0.931           0.623           0.544           0.712           0.892           0.928         232.397
        90           0.677           0.589           0.772           0.863           0.931           0.623           0.544           0.712           0.892           0.929         235.003
        91           0.676           0.589           0.771           0.863           0.932           0.619           0.542           0.709           0.893           0.931         237.615
        92           0.677           0.590           0.772           0.863           0.931           0.623           0.544           0.712           0.892           0.929         240.293
        93           0.675           0.588           0.771           0.864           0.932           0.617           0.541           0.707           0.894           0.930         242.915
        94           0.673           0.587           0.769           0.864           0.932           0.615           0.541           0.704           0.895           0.931         245.583
        95           0.675           0.589           0.771           0.864           0.932           0.619           0.543           0.709           0.893           0.929         248.217
        96           0.675           0.588           0.770           0.864           0.932           0.618           0.542           0.708           0.894           0.929         250.842
        97           0.672           0.586           0.767           0.865           0.932           0.618           0.542           0.707           0.894           0.930         253.475
        98           0.674           0.587           0.769           0.864           0.932           0.616           0.540           0.706           0.894           0.929         256.110
        99           0.673           0.587           0.768           0.864           0.932           0.615           0.540           0.704           0.895           0.931         258.778
       100           0.671           0.585           0.766           0.865           0.933           0.615           0.541           0.705           0.894           0.931         261.393
       101           0.672           0.585           0.767           0.865           0.933           0.614           0.539           0.703           0.895           0.931         264.014
       102           0.670           0.583           0.765           0.866           0.933           0.615           0.540           0.704           0.895           0.932         266.641
       103           0.670           0.584           0.765           0.866           0.933           0.617           0.542           0.707           0.894           0.929         269.264
       104           0.669           0.583           0.764           0.866           0.933           0.611           0.538           0.701           0.896           0.933         271.876
       105           0.667           0.581           0.763           0.867           0.934           0.614           0.540           0.703           0.895           0.931         274.509
       106           0.669           0.583           0.764           0.866           0.933           0.610           0.536           0.700           0.896           0.933         277.139
       107           0.668           0.582           0.763           0.866           0.934           0.614           0.539           0.703           0.895           0.932         279.766
       108           0.670           0.584           0.766           0.865           0.933           0.611           0.538           0.700           0.896           0.932         282.385
       109           0.665           0.580           0.761           0.867           0.934           0.610           0.537           0.700           0.896           0.933         285.086
       110           0.667           0.582           0.762           0.867           0.934           0.614           0.539           0.703           0.895           0.931         287.705
       111           0.668           0.582           0.763           0.866           0.934           0.613           0.539           0.703           0.895           0.931         290.324
       112           0.666           0.580           0.761           0.867           0.934           0.609           0.536           0.698           0.896           0.933         292.960
       113           0.665           0.580           0.761           0.867           0.934           0.611           0.538           0.701           0.896           0.932         295.587
       114           0.665           0.579           0.760           0.867           0.934           0.606           0.534           0.696           0.897           0.933         298.219
       115           0.664           0.579           0.759           0.868           0.934           0.610           0.538           0.699           0.896           0.932         300.849
       116           0.664           0.579           0.759           0.868           0.935           0.607           0.536           0.697           0.897           0.933         303.495
       117           0.662           0.578           0.758           0.868           0.935           0.609           0.536           0.698           0.896           0.932         306.132
       118           0.663           0.578           0.758           0.868           0.935           0.607           0.536           0.697           0.897           0.933         308.766
       119           0.662           0.577           0.757           0.868           0.935           0.607           0.535           0.696           0.897           0.932         311.414
       120           0.662           0.577           0.758           0.868           0.935           0.602           0.532           0.692           0.898           0.933         314.070
       121           0.660           0.576           0.755           0.869           0.935           0.607           0.535           0.697           0.897           0.933         316.703
       122           0.661           0.577           0.757           0.869           0.935           0.603           0.532           0.692           0.898           0.934         319.372
       123           0.660           0.575           0.755           0.869           0.935           0.603           0.532           0.693           0.898           0.933         322.086
       124           0.659           0.575           0.755           0.869           0.936           0.602           0.531           0.692           0.898           0.933         324.717
       125           0.659           0.575           0.754           0.869           0.936           0.608           0.535           0.697           0.897           0.932         327.354
       126           0.658           0.574           0.753           0.870           0.936           0.602           0.531           0.692           0.898           0.933         330.023
       127           0.658           0.574           0.754           0.870           0.936           0.607           0.534           0.696           0.897           0.932         332.650
       128           0.659           0.574           0.754           0.869           0.936           0.604           0.532           0.694           0.898           0.933         335.290
       129           0.657           0.573           0.753           0.870           0.936           0.607           0.535           0.696           0.897           0.931         337.949
       130           0.656           0.572           0.752           0.870           0.936           0.601           0.530           0.691           0.898           0.933         340.585
       131           0.656           0.572           0.751           0.870           0.936           0.607           0.534           0.696           0.897           0.933         343.225
       132           0.655           0.572           0.751           0.871           0.936           0.602           0.531           0.692           0.898           0.933         345.857
       133           0.656           0.572           0.751           0.870           0.936           0.603           0.531           0.692           0.898           0.933         348.518
       134           0.655           0.571           0.750           0.871           0.937           0.601           0.530           0.691           0.899           0.933         351.163
       135           0.655           0.571           0.750           0.871           0.937           0.602           0.530           0.692           0.898           0.932         353.805
       136           0.653           0.570           0.749           0.871           0.937           0.607           0.535           0.696           0.897           0.932         356.459
       137           0.653           0.570           0.749           0.871           0.937           0.600           0.529           0.690           0.899           0.933         359.098
       138           0.651           0.569           0.747           0.872           0.937           0.605           0.532           0.695           0.897           0.932         361.798
       139           0.653           0.570           0.748           0.872           0.937           0.603           0.531           0.693           0.898           0.932         364.432
       140           0.651           0.568           0.747           0.872           0.938           0.601           0.530           0.691           0.899           0.933         367.089
       141           0.651           0.568           0.746           0.872           0.937           0.603           0.531           0.692           0.898           0.933         369.736
       142           0.651           0.569           0.747           0.872           0.937           0.597           0.527           0.687           0.900           0.933         372.371
       143           0.653           0.569           0.748           0.871           0.937           0.599           0.529           0.689           0.899           0.932         375.042
       144           0.651           0.568           0.747           0.872           0.937           0.600           0.530           0.690           0.899           0.932         377.719
       145           0.649           0.566           0.744           0.873           0.938           0.598           0.528           0.688           0.899           0.933         380.377
       146           0.649           0.567           0.744           0.873           0.938           0.602           0.531           0.692           0.898           0.933         383.016
       147           0.650           0.568           0.745           0.872           0.938           0.599           0.528           0.689           0.899           0.934         385.611
       148           0.649           0.567           0.745           0.873           0.938           0.597           0.528           0.687           0.900           0.933         388.203
       149           0.649           0.567           0.745           0.873           0.938           0.597           0.528           0.687           0.900           0.933         390.805
       150           0.639           0.558           0.736           0.876           0.940           0.575           0.526           0.666           0.906           0.936         393.415
       151           0.630           0.549           0.728           0.878           0.942           0.571           0.521           0.662           0.907           0.936         396.013
       152           0.630           0.552           0.727           0.879           0.941           0.579           0.524           0.669           0.905           0.935         398.612
       153           0.633           0.552           0.730           0.878           0.941           0.573           0.520           0.664           0.906           0.936         401.290
       154           0.631           0.552           0.728           0.878           0.941           0.577           0.523           0.668           0.905           0.935         403.896
       155           0.631           0.551           0.728           0.878           0.941           0.576           0.521           0.667           0.906           0.935         406.499
       156           0.630           0.551           0.727           0.879           0.942           0.578           0.521           0.669           0.905           0.936         409.103
       157           0.626           0.547           0.723           0.880           0.943           0.567           0.521           0.658           0.908           0.937         411.718
       158           0.621           0.545           0.718           0.881           0.944           0.570           0.521           0.660           0.907           0.937         414.319
       159           0.622           0.545           0.720           0.881           0.943           0.571           0.522           0.661           0.907           0.937         416.917
       160           0.623           0.545           0.720           0.881           0.943           0.570           0.520           0.661           0.907           0.937         419.527
       161           0.623           0.545           0.720           0.881           0.943           0.572           0.522           0.662           0.907           0.936         422.142
       162           0.623           0.545           0.720           0.881           0.943           0.570           0.519           0.661           0.907           0.937         424.780
       163           0.618           0.541           0.715           0.883           0.944           0.567           0.518           0.657           0.908           0.938         427.394
       164           0.615           0.540           0.713           0.883           0.945           0.569           0.521           0.660           0.907           0.938         430.011
       165           0.615           0.540           0.712           0.883           0.945           0.568           0.519           0.658           0.908           0.938         432.642
       166           0.615           0.540           0.713           0.883           0.945           0.567           0.517           0.657           0.908           0.939         435.243
       167           0.615           0.540           0.712           0.884           0.945           0.568           0.519           0.659           0.908           0.938         437.882
       168           0.615           0.540           0.712           0.884           0.945           0.566           0.517           0.657           0.908           0.939         440.612
       169           0.616           0.540           0.713           0.883           0.945           0.569           0.519           0.659           0.908           0.938         443.268
       170           0.611           0.537           0.708           0.885           0.946           0.564           0.513           0.654           0.909           0.939         445.919
       171           0.610           0.537           0.708           0.885           0.946           0.567           0.516           0.658           0.908           0.938         448.588
       172           0.610           0.536           0.707           0.885           0.946           0.566           0.517           0.657           0.908           0.939         451.250
       173           0.610           0.537           0.708           0.885           0.946           0.567           0.517           0.658           0.908           0.939         453.937
       174           0.611           0.537           0.708           0.885           0.946           0.566           0.516           0.657           0.908           0.939         456.617
       175           0.610           0.536           0.708           0.885           0.946           0.567           0.517           0.658           0.908           0.939         459.290
       176           0.610           0.536           0.707           0.885           0.946           0.565           0.515           0.656           0.908           0.940         461.945
       177           0.606           0.533           0.703           0.886           0.947           0.565           0.513           0.656           0.908           0.939         464.595
       178           0.606           0.534           0.703           0.887           0.947           0.566           0.512           0.657           0.908           0.939         467.363
       179           0.606           0.534           0.703           0.887           0.947           0.566           0.513           0.657           0.908           0.939         470.017
       180           0.606           0.534           0.703           0.886           0.947           0.565           0.513           0.655           0.909           0.939         472.657
       181           0.606           0.534           0.703           0.886           0.947           0.569           0.515           0.659           0.908           0.938         475.325
       182           0.606           0.533           0.703           0.886           0.947           0.565           0.513           0.656           0.909           0.939         477.982
       183           0.603           0.532           0.700           0.887           0.947           0.568           0.515           0.659           0.908           0.938         480.693
       184           0.603           0.532           0.700           0.887           0.947           0.569           0.518           0.660           0.907           0.938         483.362
       185           0.603           0.532           0.700           0.887           0.947           0.569           0.518           0.660           0.908           0.938         486.007
       186           0.602           0.531           0.700           0.888           0.947           0.567           0.517           0.657           0.908           0.939         488.661
       187           0.603           0.531           0.700           0.888           0.947           0.568           0.517           0.659           0.908           0.938         491.314
       188           0.602           0.531           0.700           0.888           0.947           0.566           0.516           0.657           0.908           0.940         494.008
       189           0.603           0.531           0.700           0.888           0.947           0.567           0.517           0.658           0.908           0.939         496.669
       190           0.603           0.531           0.700           0.888           0.947           0.567           0.517           0.658           0.908           0.940         499.370
       191           0.600           0.529           0.698           0.888           0.948           0.567           0.520           0.658           0.908           0.939         502.011
       192           0.600           0.529           0.697           0.888           0.948           0.568           0.521           0.659           0.908           0.939         504.618
       193           0.600           0.528           0.697           0.889           0.948           0.567           0.520           0.657           0.908           0.940         507.225
       194           0.599           0.528           0.696           0.889           0.948           0.567           0.520           0.658           0.908           0.939         509.856
       195           0.599           0.528           0.696           0.889           0.948           0.565           0.518           0.656           0.909           0.940         512.446
       196           0.598           0.528           0.696           0.889           0.948           0.565           0.518           0.656           0.908           0.939         515.007
       197           0.598           0.527           0.696           0.889           0.948           0.568           0.521           0.659           0.908           0.939         517.572
       198           0.599           0.528           0.696           0.889           0.948           0.566           0.520           0.657           0.908           0.940         520.220
       199           0.599           0.528           0.696           0.889           0.948           0.566           0.519           0.657           0.908           0.939         522.781
       200           0.598           0.527           0.695           0.889           0.948           0.567           0.519           0.658           0.908           0.940         525.337
       201           0.598           0.527           0.696           0.889           0.948           0.566           0.518           0.657           0.908           0.939         527.904
       202           0.597           0.526           0.695           0.889           0.948           0.566           0.518           0.657           0.908           0.940         530.483
       203           0.598           0.527           0.695           0.889           0.948           0.566           0.519           0.657           0.908           0.940         533.040
       204           0.597           0.526           0.695           0.889           0.948           0.566           0.519           0.657           0.908           0.940         535.598
       205           0.598           0.526           0.695           0.889           0.948           0.566           0.519           0.657           0.908           0.940         538.161
       206           0.597           0.526           0.695           0.889           0.948           0.566           0.520           0.657           0.908           0.941         540.744
       207           0.598           0.527           0.696           0.889           0.948           0.567           0.521           0.658           0.908           0.941         543.301
       208           0.598           0.526           0.695           0.889           0.948           0.567           0.520           0.658           0.908           0.941         545.867
       209           0.596           0.525           0.694           0.889           0.948           0.564           0.519           0.655           0.909           0.941         548.429
       210           0.594           0.524           0.692           0.890           0.949           0.564           0.518           0.655           0.909           0.941         551.025
       211           0.594           0.523           0.691           0.890           0.949           0.565           0.519           0.656           0.908           0.940         553.605
       212           0.593           0.523           0.690           0.891           0.949           0.564           0.517           0.655           0.909           0.940         556.175
       213           0.594           0.523           0.691           0.890           0.949           0.565           0.518           0.655           0.909           0.940         558.788
       214           0.594           0.524           0.691           0.890           0.949           0.566           0.520           0.657           0.908           0.941         561.441
       215           0.594           0.523           0.692           0.890           0.949           0.565           0.518           0.655           0.909           0.941         564.020
       216           0.593           0.523           0.690           0.891           0.949           0.565           0.518           0.656           0.909           0.941         566.586
       217           0.593           0.523           0.691           0.890           0.949           0.565           0.518           0.656           0.909           0.940         569.179
       218           0.592           0.522           0.690           0.891           0.949           0.563           0.517           0.654           0.909           0.941         571.752
       219           0.593           0.522           0.691           0.890           0.949           0.564           0.518           0.655           0.909           0.940         574.321
       220           0.593           0.522           0.690           0.891           0.949           0.566           0.519           0.657           0.908           0.941         576.895
       221           0.593           0.522           0.691           0.890           0.949           0.568           0.521           0.658           0.908           0.941         579.492
       222           0.592           0.522           0.690           0.891           0.949           0.566           0.519           0.657           0.908           0.941         582.067
       223           0.593           0.522           0.690           0.891           0.949           0.565           0.517           0.656           0.909           0.940         584.643
       224           0.592           0.522           0.689           0.891           0.949           0.564           0.517           0.655           0.909           0.942         587.221
       225           0.592           0.522           0.690           0.891           0.949           0.564           0.517           0.655           0.909           0.940         589.818
       226           0.592           0.521           0.690           0.891           0.949           0.563           0.517           0.654           0.909           0.941         592.398
       227           0.592           0.522           0.690           0.891           0.949           0.565           0.518           0.656           0.909           0.941         594.977
       228           0.592           0.522           0.690           0.891           0.949           0.566           0.520           0.657           0.908           0.941         597.551
       229           0.590           0.520           0.688           0.891           0.949           0.559           0.512           0.650           0.910           0.941         600.210
       230           0.589           0.520           0.687           0.892           0.950           0.561           0.512           0.652           0.910           0.941         602.789
       231           0.589           0.520           0.687           0.892           0.950           0.562           0.514           0.653           0.909           0.940         605.361
       232           0.589           0.519           0.686           0.892           0.950           0.561           0.512           0.652           0.910           0.941         607.945
       233           0.589           0.520           0.687           0.892           0.949           0.563           0.515           0.654           0.909           0.941         610.541
       234           0.589           0.519           0.687           0.892           0.949           0.563           0.515           0.654           0.909           0.941         613.141
       235           0.588           0.519           0.686           0.892           0.950           0.560           0.512           0.651           0.910           0.942         615.723
       236           0.589           0.519           0.687           0.892           0.950           0.563           0.514           0.654           0.909           0.941         618.357
       237           0.589           0.520           0.687           0.892           0.950           0.563           0.515           0.654           0.909           0.941         620.949
       238           0.588           0.519           0.686           0.892           0.950           0.563           0.514           0.654           0.909           0.941         623.520
       239           0.588           0.519           0.686           0.892           0.950           0.561           0.513           0.652           0.910           0.942         626.106
       240           0.588           0.519           0.686           0.892           0.950           0.563           0.515           0.654           0.909           0.941         628.702
       241           0.588           0.519           0.686           0.892           0.950           0.564           0.515           0.654           0.909           0.941         631.288
       242           0.587           0.518           0.685           0.892           0.950           0.561           0.512           0.652           0.910           0.942         633.860
       243           0.588           0.519           0.686           0.892           0.950           0.563           0.514           0.654           0.909           0.940         636.445
       244           0.588           0.518           0.686           0.892           0.950           0.562           0.514           0.653           0.909           0.941         639.133
       245           0.588           0.519           0.686           0.892           0.950           0.564           0.515           0.654           0.909           0.941         641.727
       246           0.588           0.518           0.685           0.892           0.950           0.564           0.515           0.654           0.909           0.941         644.321
       247           0.587           0.517           0.685           0.892           0.950           0.555           0.505           0.646           0.911           0.942         646.939
       248           0.588           0.518           0.686           0.892           0.950           0.556           0.506           0.647           0.911           0.941         649.554
       249           0.587           0.517           0.685           0.892           0.950           0.557           0.507           0.648           0.911           0.942         652.174
       250           0.587           0.517           0.685           0.892           0.950           0.555           0.505           0.646           0.911           0.942         654.794
       251           0.587           0.518           0.685           0.892           0.950           0.556           0.505           0.647           0.911           0.941         657.434
       252           0.586           0.516           0.685           0.892           0.951           0.548           0.495           0.639           0.913           0.942         660.062
       253           0.591           0.519           0.690           0.891           0.950           0.544           0.491           0.635           0.914           0.944         662.698
       254           0.594           0.520           0.693           0.890           0.950           0.544           0.490           0.635           0.914           0.944         665.340
       255           0.595           0.520           0.694           0.889           0.950           0.543           0.490           0.635           0.914           0.944         667.969
       256           0.597           0.521           0.695           0.889           0.950           0.546           0.491           0.637           0.914           0.944         670.599
       257           0.595           0.518           0.694           0.889           0.950           0.565           0.506           0.656           0.909           0.946         673.241
       258           0.600           0.522           0.698           0.888           0.950           0.557           0.499           0.648           0.911           0.945         675.874
       259           0.597           0.520           0.695           0.889           0.950           0.552           0.496           0.643           0.912           0.944         678.595
       260           0.595           0.519           0.694           0.890           0.950           0.552           0.496           0.643           0.912           0.944         681.229
       261           0.595           0.521           0.692           0.890           0.950           0.536           0.486           0.628           0.916           0.944         683.865
       262           0.590           0.518           0.688           0.891           0.951           0.539           0.488           0.631           0.915           0.944         686.489
       263           0.591           0.518           0.689           0.891           0.951           0.538           0.487           0.630           0.916           0.945         689.116
       264           0.591           0.518           0.688           0.891           0.951           0.540           0.488           0.631           0.915           0.944         691.753
       265           0.594           0.521           0.692           0.890           0.950           0.545           0.493           0.636           0.914           0.945         694.392
       266           0.600           0.525           0.697           0.888           0.949           0.546           0.494           0.637           0.914           0.945         697.032
       267           0.602           0.526           0.699           0.888           0.949           0.550           0.496           0.641           0.913           0.945         699.660
       268           0.604           0.528           0.701           0.887           0.949           0.553           0.499           0.644           0.912           0.945         702.302
       269           0.621           0.541           0.720           0.881           0.945           0.546           0.496           0.637           0.914           0.946         704.921
       270           0.643           0.561           0.742           0.874           0.940           0.517           0.478           0.609           0.921           0.947         707.541
       271           0.641           0.560           0.741           0.874           0.939           0.508           0.471           0.601           0.923           0.947         710.162
       272           0.633           0.554           0.733           0.877           0.941           0.515           0.475           0.608           0.922           0.945         712.804
       273           0.620           0.543           0.718           0.882           0.943           0.560           0.510           0.651           0.910           0.942         715.420
       274           0.609           0.534           0.707           0.885           0.945           0.555           0.507           0.646           0.911           0.943         718.107
       275           0.606           0.532           0.704           0.886           0.946           0.553           0.504           0.644           0.912           0.943         720.753
       276           0.605           0.531           0.703           0.886           0.946           0.555           0.506           0.646           0.911           0.943         723.378
       277           0.595           0.523           0.693           0.890           0.948           0.570           0.517           0.660           0.907           0.942         725.999
       278           0.592           0.521           0.690           0.891           0.948           0.565           0.514           0.656           0.908           0.942         728.624
       279           0.592           0.521           0.691           0.891           0.948           0.567           0.515           0.658           0.908           0.942         731.266
       280           0.592           0.521           0.690           0.891           0.948           0.567           0.514           0.658           0.908           0.942         733.915
       281           0.586           0.517           0.685           0.892           0.949           0.575           0.521           0.666           0.906           0.941         736.541
       282           0.585           0.516           0.684           0.893           0.950           0.574           0.520           0.665           0.906           0.941         739.217
       283           0.586           0.517           0.684           0.893           0.950           0.575           0.520           0.665           0.906           0.941         741.847
       284           0.586           0.516           0.684           0.893           0.950           0.574           0.520           0.665           0.906           0.942         744.469
       285           0.586           0.516           0.684           0.893           0.950           0.575           0.520           0.665           0.906           0.941         747.103
       286           0.586           0.516           0.684           0.893           0.949           0.575           0.520           0.665           0.906           0.941         749.732
       287           0.582           0.514           0.681           0.894           0.950           0.582           0.525           0.672           0.904           0.941         752.348
       288           0.582           0.514           0.681           0.894           0.950           0.584           0.527           0.674           0.903           0.940         754.989
       289           0.582           0.514           0.681           0.894           0.950           0.583           0.526           0.673           0.904           0.940         757.631
       290           0.582           0.514           0.681           0.894           0.950           0.582           0.526           0.673           0.904           0.941         760.325
       291           0.582           0.514           0.681           0.894           0.950           0.583           0.526           0.673           0.904           0.941         762.950
       292           0.581           0.513           0.679           0.894           0.951           0.592           0.534           0.682           0.901           0.939         765.583
       293           0.582           0.514           0.680           0.894           0.951           0.596           0.536           0.686           0.900           0.939         768.208
       294           0.582           0.514           0.681           0.894           0.951           0.596           0.536           0.686           0.900           0.939         770.834
       295           0.582           0.514           0.680           0.894           0.951           0.595           0.536           0.685           0.900           0.939         773.453
       296           0.582           0.514           0.681           0.894           0.951           0.595           0.536           0.685           0.900           0.939         776.093
       297           0.582           0.513           0.681           0.894           0.951           0.606           0.545           0.696           0.897           0.939         778.710
       298           0.584           0.515           0.683           0.893           0.950           0.614           0.551           0.703           0.895           0.938         781.387
       299           0.585           0.516           0.684           0.893           0.950           0.615           0.552           0.705           0.894           0.937         784.045
       300           0.585           0.516           0.684           0.893           0.950           0.616           0.552           0.705           0.894           0.937         786.697
       301           0.586           0.516           0.685           0.892           0.950           0.617           0.553           0.706           0.894           0.937         789.330
       302           0.588           0.517           0.687           0.892           0.950           0.620           0.556           0.709           0.893           0.937         791.954
       303           0.589           0.517           0.688           0.891           0.950           0.621           0.557           0.710           0.893           0.937         794.609
       304           0.589           0.517           0.688           0.891           0.950           0.620           0.556           0.710           0.893           0.938         797.236
       305           0.588           0.516           0.687           0.892           0.950           0.598           0.537           0.688           0.899           0.939         799.960
       306           0.586           0.513           0.685           0.892           0.950           0.591           0.532           0.681           0.901           0.939         802.650
       307           0.585           0.512           0.683           0.893           0.950           0.589           0.531           0.680           0.902           0.940         805.326
       308           0.584           0.512           0.683           0.893           0.951           0.589           0.531           0.680           0.902           0.939         807.988
       309           0.582           0.510           0.680           0.894           0.951           0.567           0.513           0.658           0.908           0.941         810.670
       310           0.579           0.508           0.677           0.895           0.951           0.565           0.512           0.655           0.909           0.941         813.337
       311           0.578           0.508           0.677           0.895           0.951           0.566           0.512           0.656           0.908           0.941         816.001
       312           0.578           0.508           0.677           0.895           0.951           0.567           0.513           0.658           0.908           0.941         818.694
       313           0.578           0.508           0.677           0.895           0.951           0.567           0.513           0.658           0.908           0.941         821.377
       314           0.579           0.508           0.677           0.895           0.951           0.568           0.514           0.659           0.908           0.941         824.065
       315           0.579           0.508           0.677           0.895           0.951           0.568           0.514           0.659           0.908           0.941         826.741
       316           0.576           0.507           0.674           0.896           0.952           0.554           0.504           0.645           0.911           0.942         829.419
       317           0.575           0.506           0.673           0.896           0.952           0.554           0.504           0.645           0.911           0.941         832.068
       318           0.575           0.506           0.673           0.896           0.952           0.556           0.505           0.647           0.911           0.941         834.716
       319           0.575           0.506           0.673           0.896           0.952           0.556           0.505           0.647           0.911           0.941         837.376
       320           0.575           0.506           0.673           0.896           0.952           0.557           0.506           0.648           0.911           0.941         840.077
       321           0.575           0.506           0.673           0.896           0.952           0.557           0.506           0.648           0.911           0.941         842.703
       322           0.575           0.506           0.673           0.896           0.952           0.558           0.506           0.649           0.911           0.941         845.342
       323           0.573           0.505           0.671           0.897           0.952           0.549           0.500           0.640           0.913           0.942         847.974
       324           0.572           0.505           0.670           0.897           0.952           0.550           0.501           0.641           0.913           0.942         850.618
       325           0.572           0.505           0.670           0.897           0.952           0.551           0.501           0.642           0.912           0.942         853.277
       326           0.573           0.505           0.671           0.897           0.952           0.551           0.501           0.642           0.912           0.942         855.929
       327           0.573           0.505           0.671           0.897           0.952           0.551           0.502           0.643           0.912           0.942         858.609
       328           0.573           0.505           0.671           0.897           0.952           0.552           0.502           0.643           0.912           0.942         861.262
       329           0.571           0.504           0.669           0.897           0.952           0.546           0.498           0.637           0.914           0.942         863.895
       330           0.571           0.504           0.669           0.897           0.952           0.547           0.498           0.638           0.913           0.942         866.482
       331           0.571           0.504           0.669           0.897           0.952           0.547           0.498           0.639           0.913           0.942         869.075
       332           0.571           0.504           0.669           0.897           0.952           0.548           0.499           0.639           0.913           0.942         871.673
       333           0.571           0.504           0.669           0.897           0.952           0.548           0.499           0.639           0.913           0.942         874.290
       334           0.571           0.504           0.669           0.897           0.952           0.548           0.499           0.639           0.913           0.942         876.911
       335           0.570           0.503           0.668           0.898           0.952           0.544           0.496           0.636           0.914           0.942         879.538
       336           0.570           0.503           0.668           0.898           0.952           0.545           0.496           0.636           0.914           0.942         882.224
       337           0.570           0.503           0.668           0.898           0.952           0.545           0.497           0.637           0.914           0.942         884.819
       338           0.570           0.503           0.668           0.898           0.952           0.545           0.497           0.637           0.914           0.942         887.410
       339           0.570           0.503           0.668           0.898           0.952           0.546           0.497           0.637           0.914           0.942         890.010
       340           0.570           0.503           0.668           0.898           0.952           0.546           0.497           0.637           0.914           0.942         892.624
       341           0.569           0.503           0.667           0.898           0.952           0.543           0.495           0.634           0.914           0.942         895.230
       342           0.569           0.503           0.667           0.898           0.952           0.544           0.495           0.635           0.914           0.942         897.822
       343           0.569           0.503           0.667           0.898           0.952           0.544           0.495           0.635           0.914           0.942         900.424
       344           0.569           0.503           0.667           0.898           0.952           0.544           0.495           0.635           0.914           0.942         903.039
       345           0.569           0.503           0.667           0.898           0.952           0.544           0.495           0.635           0.914           0.942         905.640
       346           0.568           0.503           0.666           0.898           0.952           0.541           0.493           0.633           0.915           0.942         908.231
       347           0.568           0.503           0.666           0.898           0.952           0.542           0.494           0.634           0.915           0.942         910.852
       348           0.568           0.503           0.666           0.898           0.952           0.542           0.494           0.634           0.915           0.942         913.461
       349           0.568           0.503           0.666           0.898           0.952           0.542           0.494           0.634           0.915           0.942         916.056
       350           0.568           0.503           0.666           0.898           0.952           0.542           0.494           0.634           0.915           0.942         918.722
       351           0.568           0.503           0.666           0.898           0.953           0.540           0.492           0.631           0.915           0.943         921.399
       352           0.568           0.503           0.666           0.898           0.952           0.541           0.493           0.632           0.915           0.943         923.993
       353           0.568           0.503           0.666           0.898           0.952           0.541           0.492           0.632           0.915           0.943         926.587
       354           0.568           0.503           0.666           0.898           0.952           0.541           0.493           0.632           0.915           0.943         929.193
       355           0.568           0.503           0.666           0.898           0.952           0.541           0.493           0.632           0.915           0.943         931.792
       356           0.568           0.502           0.666           0.898           0.953           0.538           0.490           0.630           0.916           0.943         934.389
       357           0.568           0.503           0.666           0.898           0.952           0.539           0.491           0.630           0.916           0.943         936.986
       358           0.568           0.503           0.666           0.898           0.952           0.539           0.491           0.630           0.916           0.943         939.604
       359           0.568           0.503           0.666           0.898           0.952           0.539           0.491           0.630           0.916           0.943         942.202
       360           0.568           0.502           0.666           0.898           0.952           0.539           0.491           0.630           0.916           0.943         944.793
       361           0.567           0.502           0.666           0.898           0.953           0.536           0.488           0.628           0.916           0.943         947.392
       362           0.568           0.503           0.666           0.898           0.952           0.536           0.489           0.628           0.916           0.943         950.008
       363           0.568           0.503           0.666           0.898           0.952           0.537           0.489           0.628           0.916           0.943         952.598
       364           0.568           0.503           0.666           0.898           0.952           0.537           0.489           0.628           0.916           0.943         955.191
       365           0.568           0.503           0.666           0.898           0.952           0.537           0.489           0.628           0.916           0.943         957.805
       366           0.568           0.502           0.666           0.898           0.952           0.534           0.486           0.625           0.917           0.943         960.464
       367           0.568           0.503           0.666           0.898           0.952           0.534           0.486           0.625           0.917           0.943         963.061
       368           0.568           0.503           0.666           0.898           0.952           0.534           0.486           0.626           0.917           0.943         965.649
       369           0.568           0.503           0.666           0.898           0.952           0.534           0.486           0.626           0.917           0.943         968.258
       370           0.568           0.503           0.666           0.898           0.952           0.531           0.484           0.623           0.918           0.944         970.864
       371           0.569           0.503           0.667           0.898           0.952           0.531           0.484           0.622           0.918           0.944         973.468
       372           0.569           0.503           0.667           0.898           0.952           0.531           0.484           0.622           0.918           0.944         976.058
       373           0.569           0.503           0.667           0.898           0.952           0.531           0.484           0.622           0.918           0.944         978.703
       374           0.569           0.503           0.667           0.898           0.952           0.528           0.482           0.620           0.918           0.944         981.311
       375           0.570           0.503           0.668           0.898           0.952           0.528           0.481           0.620           0.918           0.944         984.000
       376           0.570           0.504           0.668           0.898           0.952           0.528           0.481           0.619           0.918           0.944         986.615
       377           0.570           0.504           0.668           0.898           0.952           0.528           0.481           0.619           0.918           0.944         989.216
       378           0.570           0.503           0.668           0.898           0.952           0.526           0.480           0.618           0.919           0.944         991.817
       379           0.570           0.504           0.668           0.898           0.952           0.526           0.480           0.618           0.919           0.944         994.411
       380           0.571           0.504           0.668           0.897           0.952           0.526           0.479           0.618           0.919           0.944         997.022
       381           0.571           0.504           0.668           0.897           0.952           0.526           0.479           0.618           0.919           0.944         999.621
       382           0.570           0.504           0.668           0.898           0.952           0.525           0.479           0.617           0.919           0.944        1002.282
       383           0.571           0.504           0.668           0.898           0.952           0.525           0.479           0.617           0.919           0.944        1004.873
       384           0.571           0.504           0.668           0.898           0.952           0.525           0.479           0.617           0.919           0.944        1007.484
       385           0.571           0.504           0.668           0.898           0.952           0.525           0.479           0.617           0.919           0.944        1010.075
       386           0.570           0.504           0.667           0.898           0.952           0.525           0.479           0.617           0.919           0.944        1012.667
       387           0.570           0.504           0.667           0.898           0.952           0.525           0.479           0.617           0.919           0.944        1015.277
       388           0.570           0.504           0.667           0.898           0.952           0.525           0.479           0.617           0.919           0.944        1017.874
       389           0.570           0.504           0.667           0.898           0.952           0.525           0.479           0.617           0.919           0.944        1020.483
       390           0.570           0.504           0.666           0.898           0.952           0.525           0.479           0.617           0.919           0.944        1023.069
       391           0.569           0.504           0.666           0.898           0.953           0.525           0.479           0.617           0.919           0.944        1025.681
       392           0.569           0.504           0.666           0.898           0.953           0.525           0.479           0.617           0.919           0.944        1028.275
       393           0.569           0.504           0.666           0.898           0.953           0.525           0.479           0.617           0.919           0.944        1030.877
       394           0.569           0.504           0.665           0.898           0.953           0.526           0.480           0.618           0.919           0.944        1033.487
       395           0.568           0.503           0.665           0.898           0.953           0.526           0.480           0.618           0.919           0.944        1036.105
       396           0.568           0.503           0.665           0.898           0.953           0.526           0.480           0.618           0.919           0.944        1038.733
       397           0.568           0.503           0.665           0.898           0.953           0.526           0.480           0.618           0.919           0.944        1041.392
       398           0.568           0.503           0.665           0.899           0.953           0.527           0.481           0.619           0.919           0.944        1044.000
       399           0.567           0.503           0.664           0.899           0.953           0.527           0.481           0.619           0.919           0.944        1046.595
       400           0.567           0.503           0.664           0.899           0.953           0.527           0.481           0.619           0.919           0.944        1049.187
       401           0.567           0.503           0.664           0.899           0.953           0.527           0.481           0.619           0.919           0.944        1051.780
       402           0.567           0.503           0.664           0.899           0.953           0.527           0.481           0.619           0.919           0.944        1054.386
       403           0.567           0.503           0.664           0.899           0.953           0.527           0.481           0.619           0.919           0.944        1056.973
       404           0.567           0.503           0.664           0.899           0.953           0.527           0.481           0.619           0.919           0.944        1059.571
       405           0.567           0.503           0.664           0.899           0.953           0.528           0.482           0.620           0.918           0.944        1062.164
       406           0.567           0.503           0.664           0.899           0.953           0.528           0.482           0.620           0.918           0.944        1064.777
       407           0.567           0.503           0.664           0.899           0.953           0.528           0.482           0.620           0.918           0.944        1067.364
       408           0.567           0.503           0.664           0.899           0.953           0.528           0.482           0.620           0.918           0.944        1069.959
       409           0.567           0.503           0.664           0.899           0.953           0.528           0.482           0.620           0.918           0.944        1072.572
       410           0.567           0.503           0.664           0.899           0.953           0.528           0.482           0.620           0.918           0.944        1075.162
       411           0.566           0.503           0.663           0.899           0.953           0.529           0.482           0.620           0.918           0.944        1077.755
       412           0.566           0.502           0.663           0.899           0.953           0.529           0.482           0.620           0.918           0.944        1080.415
       413           0.566           0.502           0.663           0.899           0.953           0.528           0.482           0.620           0.918           0.944        1083.022
       414           0.566           0.502           0.663           0.899           0.953           0.528           0.482           0.620           0.918           0.944        1085.613
       415           0.566           0.502           0.663           0.899           0.953           0.528           0.482           0.620           0.918           0.944        1088.208
       416           0.566           0.502           0.663           0.899           0.953           0.528           0.482           0.620           0.918           0.944        1090.813
       417           0.566           0.502           0.663           0.899           0.953           0.529           0.483           0.621           0.918           0.944        1093.442
       418           0.566           0.502           0.663           0.899           0.953           0.529           0.483           0.621           0.918           0.944        1096.097
       419           0.566           0.502           0.663           0.899           0.953           0.529           0.483           0.621           0.918           0.944        1098.752
       420           0.566           0.502           0.663           0.899           0.953           0.529           0.483           0.621           0.918           0.944        1101.397
       421           0.566           0.502           0.663           0.899           0.953           0.529           0.483           0.621           0.918           0.944        1103.989
       422           0.566           0.502           0.663           0.899           0.953           0.529           0.483           0.621           0.918           0.944        1106.581
       423           0.566           0.502           0.663           0.899           0.953           0.530           0.484           0.622           0.918           0.944        1109.175
       424           0.565           0.502           0.662           0.899           0.953           0.530           0.484           0.622           0.918           0.944        1111.787
       425           0.565           0.502           0.662           0.899           0.953           0.530           0.484           0.622           0.918           0.944        1114.383
       426           0.565           0.502           0.662           0.899           0.953           0.530           0.484           0.622           0.918           0.944        1116.975
       427           0.565           0.502           0.662           0.899           0.953           0.530           0.484           0.622           0.918           0.944        1119.606
       428           0.565           0.502           0.662           0.899           0.953           0.530           0.484           0.622           0.918           0.944        1122.268
       429           0.565           0.502           0.662           0.899           0.953           0.530           0.484           0.622           0.918           0.944        1124.868
       430           0.565           0.502           0.662           0.899           0.953           0.530           0.484           0.622           0.918           0.944        1127.464
       431           0.565           0.502           0.662           0.899           0.953           0.530           0.484           0.622           0.918           0.944        1130.071
       432           0.565           0.502           0.662           0.899           0.953           0.530           0.484           0.622           0.918           0.944        1132.666
       433           0.565           0.502           0.662           0.899           0.953           0.530           0.484           0.622           0.918           0.944        1135.258
       434           0.565           0.502           0.662           0.899           0.953           0.530           0.484           0.622           0.918           0.944        1137.856
       435           0.565           0.502           0.662           0.899           0.953           0.531           0.484           0.623           0.918           0.944        1140.469
       436           0.565           0.501           0.662           0.899           0.953           0.531           0.484           0.623           0.918           0.944        1143.068
       437           0.565           0.502           0.662           0.899           0.953           0.531           0.484           0.623           0.918           0.944        1145.662
       438           0.565           0.502           0.662           0.899           0.953           0.531           0.484           0.623           0.918           0.944        1148.271
       439           0.565           0.502           0.662           0.899           0.953           0.531           0.484           0.623           0.918           0.944        1150.877
       440           0.565           0.502           0.662           0.899           0.953           0.531           0.484           0.623           0.918           0.944        1153.497
       441           0.565           0.501           0.662           0.899           0.953           0.531           0.485           0.623           0.917           0.944        1156.094
       442           0.565           0.501           0.662           0.899           0.953           0.531           0.485           0.623           0.918           0.944        1158.742
       443           0.565           0.501           0.662           0.899           0.953           0.531           0.485           0.623           0.918           0.944        1161.408
       444           0.565           0.501           0.662           0.899           0.953           0.531           0.485           0.623           0.918           0.944        1164.032
       445           0.565           0.501           0.662           0.899           0.953           0.531           0.485           0.623           0.918           0.944        1166.684
       446           0.565           0.501           0.662           0.899           0.953           0.531           0.485           0.623           0.918           0.944        1169.334
       447           0.565           0.501           0.662           0.900           0.953           0.532           0.485           0.623           0.917           0.944        1171.975
       448           0.564           0.501           0.661           0.900           0.953           0.532           0.485           0.623           0.917           0.944        1174.618
       449           0.564           0.501           0.662           0.900           0.953           0.532           0.485           0.623           0.917           0.944        1177.277
       450           0.564           0.501           0.662           0.900           0.953           0.532           0.485           0.623           0.917           0.944        1179.935
       451           0.564           0.501           0.662           0.900           0.953           0.532           0.485           0.623           0.917           0.944        1182.597
       452           0.564           0.501           0.662           0.900           0.953           0.532           0.485           0.623           0.917           0.944        1185.261
       453           0.564           0.501           0.661           0.900           0.954           0.532           0.485           0.624           0.917           0.944        1187.911
       454           0.564           0.501           0.661           0.900           0.953           0.532           0.485           0.624           0.917           0.944        1190.565
       455           0.564           0.501           0.661           0.900           0.954           0.532           0.485           0.624           0.917           0.944        1193.231
       456           0.564           0.501           0.661           0.900           0.954           0.532           0.485           0.624           0.917           0.944        1195.877
       457           0.564           0.501           0.661           0.900           0.954           0.532           0.485           0.624           0.917           0.944        1198.528
       458           0.564           0.501           0.661           0.900           0.954           0.532           0.485           0.624           0.917           0.944        1201.250
       459           0.564           0.501           0.661           0.900           0.954           0.532           0.485           0.624           0.917           0.944        1203.913
       460           0.564           0.501           0.661           0.900           0.954           0.532           0.485           0.624           0.917           0.944        1206.560
       461           0.564           0.501           0.661           0.900           0.954           0.532           0.485           0.624           0.917           0.944        1209.232
       462           0.564           0.501           0.661           0.900           0.954           0.532           0.485           0.624           0.917           0.944        1211.910
       463           0.564           0.501           0.661           0.900           0.954           0.532           0.485           0.624           0.917           0.944        1214.582
       464           0.564           0.501           0.661           0.900           0.954           0.532           0.485           0.624           0.917           0.944        1217.246
       465           0.564           0.501           0.661           0.900           0.954           0.532           0.486           0.624           0.917           0.944        1219.935
       466           0.564           0.501           0.661           0.900           0.954           0.532           0.486           0.624           0.917           0.944        1222.586
       467           0.564           0.501           0.661           0.900           0.954           0.532           0.486           0.624           0.917           0.944        1225.212
       468           0.564           0.501           0.661           0.900           0.954           0.532           0.486           0.624           0.917           0.944        1227.807
       469           0.564           0.501           0.661           0.900           0.954           0.532           0.486           0.624           0.917           0.944        1230.422
       470           0.564           0.501           0.661           0.900           0.954           0.533           0.486           0.624           0.917           0.944        1233.026
       471           0.564           0.501           0.661           0.900           0.954           0.533           0.486           0.624           0.917           0.944        1235.615
       472           0.564           0.501           0.661           0.900           0.954           0.533           0.486           0.624           0.917           0.944        1238.236
       473           0.564           0.501           0.661           0.900           0.954           0.533           0.486           0.624           0.917           0.944        1240.839
       474           0.564           0.501           0.661           0.900           0.954           0.533           0.486           0.624           0.917           0.944        1243.499
       475           0.564           0.501           0.661           0.900           0.954           0.533           0.486           0.625           0.917           0.944        1246.089
       476           0.564           0.501           0.661           0.900           0.954           0.533           0.486           0.625           0.917           0.944        1248.696
       477           0.564           0.501           0.661           0.900           0.954           0.533           0.486           0.625           0.917           0.944        1251.291
       478           0.564           0.501           0.661           0.900           0.954           0.533           0.486           0.625           0.917           0.944        1253.891
       479           0.564           0.501           0.661           0.900           0.954           0.533           0.486           0.625           0.917           0.944        1256.481
       480           0.564           0.501           0.661           0.900           0.954           0.533           0.486           0.625           0.917           0.944        1259.093
       481           0.564           0.501           0.661           0.900           0.954           0.533           0.486           0.625           0.917           0.944        1261.688
       482           0.564           0.501           0.661           0.900           0.954           0.533           0.486           0.625           0.917           0.944        1264.288
       483           0.564           0.501           0.661           0.900           0.954           0.533           0.486           0.625           0.917           0.944        1266.896
       484           0.564           0.501           0.661           0.900           0.954           0.533           0.486           0.625           0.917           0.944        1269.497
       485           0.564           0.501           0.661           0.900           0.954           0.533           0.486           0.625           0.917           0.944        1272.098
       486           0.564           0.501           0.661           0.900           0.954           0.533           0.486           0.625           0.917           0.944        1274.711
       487           0.564           0.501           0.661           0.900           0.954           0.533           0.486           0.625           0.917           0.944        1277.329
       488           0.564           0.501           0.661           0.900           0.954           0.533           0.486           0.625           0.917           0.944        1280.007
       489           0.564           0.501           0.661           0.900           0.954           0.533           0.486           0.625           0.917           0.944        1282.682
       490           0.564           0.501           0.661           0.900           0.954           0.533           0.486           0.625           0.917           0.944        1285.294
       491           0.564           0.501           0.661           0.900           0.954           0.533           0.486           0.625           0.917           0.944        1287.894
       492           0.564           0.501           0.661           0.900           0.954           0.533           0.486           0.625           0.917           0.944        1290.491
       493           0.564           0.501           0.661           0.900           0.954           0.533           0.486           0.625           0.917           0.944        1293.095
       494           0.564           0.501           0.661           0.900           0.954           0.533           0.486           0.625           0.917           0.944        1295.703
       495           0.564           0.501           0.661           0.900           0.954           0.533           0.487           0.625           0.917           0.944        1298.307
       496           0.564           0.501           0.661           0.900           0.954           0.533           0.487           0.625           0.917           0.944        1300.904
       497           0.564           0.501           0.661           0.900           0.954           0.533           0.487           0.625           0.917           0.944        1303.603
       498           0.564           0.501           0.661           0.900           0.954           0.533           0.487           0.625           0.917           0.944        1306.216
       499           0.564           0.501           0.661           0.900           0.954           0.533           0.487           0.625           0.917           0.944        1308.808
       500           0.564           0.501           0.661           0.900           0.954           0.534           0.487           0.625           0.917           0.944        1311.402
--------------------------------------------------------------------------------------------------------------------------------------------------------------------------------------------------------
The best indicator statistics
      BestEpoch        TrainMAE       TrainRMSE         TrainR2         TrainCC        ValidMAE       ValidRMSE         ValidR2         ValidCC
       271           0.560           0.741           0.874           0.939           0.471           0.601           0.923           0.947
